<?xml version="1.0" encoding="UTF-8" standalone="yes"?><!DOCTYPE report PUBLIC "-//JACOCO//DTD Report 1.0//EN" "report.dtd"><report name="JaCoCo"><sessioninfo id="hankin-4b1050dd" start="1574565381474" dump="1574565381678"/><sessioninfo id="hankin-6a2dacf2" start="1574565505886" dump="1574565506099"/><sessioninfo id="hankin-ccfa4ebc" start="1574565553240" dump="1574565553461"/><sessioninfo id="hankin-d36090d6" start="1574565604745" dump="1574565604941"/><sessioninfo id="hankin-43faddab" start="1574565649884" dump="1574565650096"/><sessioninfo id="hankin-911742e9" start="1574565676702" dump="1574565676895"/><sessioninfo id="hankin-6ecbedf1" start="1574565725899" dump="1574565726086"/><sessioninfo id="hankin-b52eca8b" start="1574565770410" dump="1574565770624"/><sessioninfo id="hankin-4cbc8c93" start="1574565818670" dump="1574565818876"/><sessioninfo id="hankin-6a3dce81" start="1574565847815" dump="1574565848028"/><sessioninfo id="hankin-2c8465da" start="1574565900446" dump="1574565900655"/><sessioninfo id="hankin-ea32f0d9" start="1574565935163" dump="1574565935357"/><sessioninfo id="hankin-40e53b92" start="1574566007710" dump="1574566007921"/><sessioninfo id="hankin-adc8125e" start="1574566044620" dump="1574566044824"/><sessioninfo id="hankin-8e494ef7" start="1574566072839" dump="1574566073054"/><sessioninfo id="hankin-fad281c2" start="1574566112316" dump="1574566112525"/><sessioninfo id="hankin-a1e49ecc" start="1574578323944" dump="1574578324161"/><sessioninfo id="hankin-f8bc4444" start="1574578406535" dump="1574578406732"/><sessioninfo id="hankin-96edf4cb" start="1574578575269" dump="1574578575501"/><sessioninfo id="hankin-37401888" start="1574578597069" dump="1574578597285"/><sessioninfo id="hankin-5ba2a825" start="1574578625368" dump="1574578625568"/><sessioninfo id="hankin-fcd63771" start="1574578814102" dump="1574578814328"/><sessioninfo id="hankin-3ab9c59e" start="1574578843489" dump="1574578843683"/><sessioninfo id="hankin-fbd50509" start="1574599054881" dump="1574599055096"/><sessioninfo id="hankin-e16c19c1" start="1574599198620" dump="1574599198829"/><sessioninfo id="hankin-b07541a1" start="1574599512045" dump="1574599512258"/><sessioninfo id="hankin-9dd16c65" start="1574599677810" dump="1574599678022"/><sessioninfo id="hankin-d90950f3" start="1574599693675" dump="1574599693874"/><sessioninfo id="hankin-540d135a" start="1574599832412" dump="1574599832620"/><sessioninfo id="hankin-1c825b7e" start="1574599853432" dump="1574599853633"/><sessioninfo id="hankin-de5f8c6e" start="1574599866839" dump="1574599867051"/><sessioninfo id="hankin-9d51b4c6" start="1574599879695" dump="1574599879911"/><sessioninfo id="hankin-21aca59" start="1574599891007" dump="1574599891227"/><sessioninfo id="hankin-eee42f6d" start="1574599905706" dump="1574599905904"/><sessioninfo id="hankin-bb6b5aec" start="1574599918160" dump="1574599918364"/><sessioninfo id="hankin-8736d3ca" start="1574599930464" dump="1574599930660"/><sessioninfo id="hankin-d7a9e476" start="1574599942332" dump="1574599942537"/><sessioninfo id="hankin-385b0742" start="1574599956382" dump="1574599956591"/><sessioninfo id="hankin-6eb1e791" start="1574599970146" dump="1574599970349"/><sessioninfo id="hankin-db33137" start="1574599984669" dump="1574599984876"/><sessioninfo id="hankin-90b4e9f7" start="1574600002869" dump="1574600003077"/><sessioninfo id="hankin-c1ea8707" start="1574600016657" dump="1574600016859"/><sessioninfo id="hankin-d0f9ecff" start="1574600028876" dump="1574600029067"/><sessioninfo id="hankin-d74d32" start="1574600040557" dump="1574600040759"/><sessioninfo id="hankin-fa67c3c1" start="1574600068842" dump="1574600069037"/><sessioninfo id="hankin-20e2e4d3" start="1574600082049" dump="1574600082289"/><sessioninfo id="hankin-d4e03f8f" start="1574600092788" dump="1574600093001"/><sessioninfo id="hankin-5011b95c" start="1574600103769" dump="1574600103979"/><sessioninfo id="hankin-6ce65d33" start="1574600117128" dump="1574600117345"/><sessioninfo id="hankin-ac6798e8" start="1574600128260" dump="1574600128470"/><sessioninfo id="hankin-ccd8d2ad" start="1574600140898" dump="1574600141118"/><sessioninfo id="hankin-7045b0ec" start="1574600155043" dump="1574600155256"/><sessioninfo id="hankin-f59eba6b" start="1574600175162" dump="1574600175380"/><sessioninfo id="hankin-59a488ec" start="1574600306757" dump="1574600306968"/><sessioninfo id="hankin-ae355480" start="1574600328518" dump="1574600328720"/><sessioninfo id="hankin-df7a8f51" start="1574600347907" dump="1574600348124"/><sessioninfo id="hankin-b0579521" start="1574600364966" dump="1574600365158"/><sessioninfo id="hankin-423ad093" start="1574600378105" dump="1574600378317"/><sessioninfo id="hankin-cef12901" start="1574600391477" dump="1574600391687"/><sessioninfo id="hankin-a9283bc2" start="1574600409217" dump="1574600409439"/><sessioninfo id="hankin-2e2f2102" start="1574600507646" dump="1574600507845"/><sessioninfo id="hankin-b654a4fa" start="1574600535639" dump="1574600535832"/><sessioninfo id="hankin-43a8f4b4" start="1574600561725" dump="1574600561925"/><sessioninfo id="hankin-99bba884" start="1574600579134" dump="1574600579331"/><sessioninfo id="hankin-2962846a" start="1574600606315" dump="1574600606528"/><sessioninfo id="hankin-7e8757aa" start="1574600676121" dump="1574600676345"/><sessioninfo id="hankin-79dde0c3" start="1574600702450" dump="1574600702638"/><sessioninfo id="hankin-d948562b" start="1574600729247" dump="1574600729454"/><sessioninfo id="hankin-fc30c87d" start="1574600831465" dump="1574600831674"/><sessioninfo id="hankin-1613ae56" start="1574600856880" dump="1574600857085"/><sessioninfo id="hankin-38a843c2" start="1574600877239" dump="1574600877442"/><sessioninfo id="hankin-ba40d286" start="1574600893614" dump="1574600893814"/><sessioninfo id="hankin-ebc731c5" start="1574600931332" dump="1574600931533"/><sessioninfo id="hankin-408a81bb" start="1574600952269" dump="1574600952464"/><sessioninfo id="hankin-40d206e" start="1574601364764" dump="1574601364964"/><sessioninfo id="hankin-dec1538c" start="1574601394699" dump="1574601394919"/><sessioninfo id="hankin-3bcee76d" start="1574601426300" dump="1574601426513"/><sessioninfo id="hankin-ed6aa093" start="1574601453607" dump="1574601453809"/><sessioninfo id="hankin-61534a3b" start="1574601473956" dump="1574601474167"/><sessioninfo id="hankin-26315515" start="1574601511397" dump="1574601511615"/><sessioninfo id="hankin-36668207" start="1574601614013" dump="1574601614202"/><package name="com/test/jacoco"><class name="com/test/jacoco/HelloWorld"><method name="&lt;init&gt;" desc="()V" line="7"><counter type="INSTRUCTION" missed="0" covered="3"/><counter type="LINE" missed="0" covered="2"/><counter type="COMPLEXITY" missed="0" covered="1"/><counter type="METHOD" missed="0" covered="1"/></method><method name="Method1" desc="()Ljava/lang/String;" line="12"><counter type="INSTRUCTION" missed="0" covered="2"/><counter type="LINE" missed="0" covered="1"/><counter type="COMPLEXITY" missed="0" covered="1"/><counter type="METHOD" missed="0" covered="1"/></method><method name="Method2" desc="(II)I" line="16"><counter type="INSTRUCTION" missed="0" covered="4"/><counter type="LINE" missed="0" covered="1"/><counter type="COMPLEXITY" missed="0" covered="1"/><counter type="METHOD" missed="0" covered="1"/></method><method name="Method3" desc="(III)I" line="20"><counter type="INSTRUCTION" missed="0" covered="26"/><counter type="BRANCH" missed="0" covered="10"/><counter type="LINE" missed="0" covered="6"/><counter type="COMPLEXITY" missed="0" covered="6"/><counter type="METHOD" missed="0" covered="1"/></method><method name="Method4" desc="(IIIIF)I" line="32"><counter type="INSTRUCTION" missed="0" covered="30"/><counter type="BRANCH" missed="0" covered="8"/><counter type="LINE" missed="0" covered="10"/><counter type="COMPLEXITY" missed="0" covered="5"/><counter type="METHOD" missed="0" covered="1"/></method><method name="bug" desc="(I)Z" line="48"><counter type="INSTRUCTION" missed="0" covered="7"/><counter type="BRANCH" missed="0" covered="2"/><counter type="LINE" missed="0" covered="2"/><counter type="COMPLEXITY" missed="0" covered="2"/><counter type="METHOD" missed="0" covered="1"/></method><method name="isTriangle" desc="(III)Z" line="58"><counter type="INSTRUCTION" missed="0" covered="27"/><counter type="BRANCH" missed="0" covered="12"/><counter type="LINE" missed="0" covered="5"/><counter type="COMPLEXITY" missed="0" covered="7"/><counter type="METHOD" missed="0" covered="1"/></method><method name="isBirthday" desc="(III)Z" line="74"><counter type="INSTRUCTION" missed="0" covered="90"/><counter type="BRANCH" missed="0" covered="38"/><counter type="LINE" missed="0" covered="37"/><counter type="COMPLEXITY" missed="0" covered="23"/><counter type="METHOD" missed="0" covered="1"/></method><method name="miniCalculator" desc="(DDC)Ljava/lang/Double;" line="172"><counter type="INSTRUCTION" missed="0" covered="26"/><counter type="BRANCH" missed="0" covered="5"/><counter type="LINE" missed="0" covered="10"/><counter type="COMPLEXITY" missed="0" covered="5"/><counter type="METHOD" missed="0" covered="1"/></method><counter type="INSTRUCTION" missed="0" covered="215"/><counter type="BRANCH" missed="0" covered="75"/><counter type="LINE" missed="0" covered="74"/><counter type="COMPLEXITY" missed="0" covered="51"/><counter type="METHOD" missed="0" covered="9"/><counter type="CLASS" missed="0" covered="1"/></class><sourcefile name="HelloWorld.java"><line nr="7" mi="0" ci="2" mb="0" cb="0"/><line nr="9" mi="0" ci="1" mb="0" cb="0"/><line nr="12" mi="0" ci="2" mb="0" cb="0"/><line nr="16" mi="0" ci="4" mb="0" cb="0"/><line nr="20" mi="0" ci="7" mb="0" cb="6"/><line nr="21" mi="0" ci="4" mb="0" cb="0"/><line nr="23" mi="0" ci="6" mb="0" cb="4"/><line nr="24" mi="0" ci="4" mb="0" cb="0"/><line nr="27" mi="0" ci="3" mb="0" cb="0"/><line nr="29" mi="0" ci="2" mb="0" cb="0"/><line nr="32" mi="0" ci="2" mb="0" cb="2"/><line nr="33" mi="0" ci="2" mb="0" cb="0"/><line nr="35" mi="0" ci="2" mb="0" cb="0"/><line nr="36" mi="0" ci="10" mb="0" cb="6"/><line nr="37" mi="0" ci="2" mb="0" cb="0"/><line nr="40" mi="0" ci="5" mb="0" cb="0"/><line nr="42" mi="0" ci="1" mb="0" cb="0"/><line nr="43" mi="0" ci="3" mb="0" cb="0"/><line nr="44" mi="0" ci="1" mb="0" cb="0"/><line nr="45" mi="0" ci="2" mb="0" cb="0"/><line nr="48" mi="0" ci="5" mb="0" cb="2"/><line nr="49" mi="0" ci="2" mb="0" cb="0"/><line nr="58" mi="0" ci="6" mb="0" cb="6"/><line nr="59" mi="0" ci="2" mb="0" cb="0"/><line nr="61" mi="0" ci="15" mb="0" cb="6"/><line nr="62" mi="0" ci="2" mb="0" cb="0"/><line nr="65" mi="0" ci="2" mb="0" cb="0"/><line nr="74" mi="0" ci="6" mb="0" cb="4"/><line nr="75" mi="0" ci="3" mb="0" cb="2"/><line nr="76" mi="0" ci="2" mb="0" cb="4"/><line nr="83" mi="0" ci="3" mb="0" cb="2"/><line nr="84" mi="0" ci="2" mb="0" cb="0"/><line nr="86" mi="0" ci="2" mb="0" cb="0"/><line nr="90" mi="0" ci="3" mb="0" cb="2"/><line nr="91" mi="0" ci="2" mb="0" cb="0"/><line nr="93" mi="0" ci="2" mb="0" cb="0"/><line nr="95" mi="0" ci="3" mb="0" cb="2"/><line nr="96" mi="0" ci="2" mb="0" cb="0"/><line nr="98" mi="0" ci="2" mb="0" cb="0"/><line nr="100" mi="0" ci="2" mb="0" cb="0"/><line nr="103" mi="0" ci="4" mb="0" cb="2"/><line nr="104" mi="0" ci="2" mb="0" cb="4"/><line nr="112" mi="0" ci="3" mb="0" cb="2"/><line nr="113" mi="0" ci="2" mb="0" cb="0"/><line nr="115" mi="0" ci="2" mb="0" cb="0"/><line nr="120" mi="0" ci="3" mb="0" cb="2"/><line nr="121" mi="0" ci="2" mb="0" cb="0"/><line nr="123" mi="0" ci="2" mb="0" cb="0"/><line nr="125" mi="0" ci="3" mb="0" cb="2"/><line nr="126" mi="0" ci="2" mb="0" cb="0"/><line nr="128" mi="0" ci="2" mb="0" cb="0"/><line nr="130" mi="0" ci="2" mb="0" cb="0"/><line nr="134" mi="0" ci="2" mb="0" cb="4"/><line nr="142" mi="0" ci="3" mb="0" cb="2"/><line nr="143" mi="0" ci="2" mb="0" cb="0"/><line nr="145" mi="0" ci="2" mb="0" cb="0"/><line nr="150" mi="0" ci="3" mb="0" cb="2"/><line nr="151" mi="0" ci="2" mb="0" cb="0"/><line nr="153" mi="0" ci="2" mb="0" cb="0"/><line nr="155" mi="0" ci="3" mb="0" cb="2"/><line nr="156" mi="0" ci="2" mb="0" cb="0"/><line nr="158" mi="0" ci="2" mb="0" cb="0"/><line nr="160" mi="0" ci="2" mb="0" cb="0"/><line nr="164" mi="0" ci="2" mb="0" cb="0"/><line nr="172" mi="0" ci="2" mb="0" cb="0"/><line nr="173" mi="0" ci="2" mb="0" cb="5"/><line nr="175" mi="0" ci="4" mb="0" cb="0"/><line nr="176" mi="0" ci="1" mb="0" cb="0"/><line nr="178" mi="0" ci="4" mb="0" cb="0"/><line nr="179" mi="0" ci="1" mb="0" cb="0"/><line nr="181" mi="0" ci="4" mb="0" cb="0"/><line nr="182" mi="0" ci="1" mb="0" cb="0"/><line nr="184" mi="0" ci="4" mb="0" cb="0"/><line nr="187" mi="0" ci="3" mb="0" cb="0"/><counter type="INSTRUCTION" missed="0" covered="215"/><counter type="BRANCH" missed="0" covered="75"/><counter type="LINE" missed="0" covered="74"/><counter type="COMPLEXITY" missed="0" covered="51"/><counter type="METHOD" missed="0" covered="9"/><counter type="CLASS" missed="0" covered="1"/></sourcefile><counter type="INSTRUCTION" missed="0" covered="215"/><counter type="BRANCH" missed="0" covered="75"/><counter type="LINE" missed="0" covered="74"/><counter type="COMPLEXITY" missed="0" covered="51"/><counter type="METHOD" missed="0" covered="9"/><counter type="CLASS" missed="0" covered="1"/></package><counter type="INSTRUCTION" missed="0" covered="215"/><counter type="BRANCH" missed="0" covered="75"/><counter type="LINE" missed="0" covered="74"/><counter type="COMPLEXITY" missed="0" covered="51"/><counter type="METHOD" missed="0" covered="9"/><counter type="CLASS" missed="0" covered="1"/></report>